2022-10-11 09:38:15,860 INFO (StartupInfoLogger.java:55)- Starting DemoApplication using Java 1.8.0_301 on WINDOWS-J3695KC with PID 19308 (D:\projects\usr\spring-boot-demo\target\classes started by EDZ in D:\projects\usr\spring-boot-demo)
2022-10-11 09:38:15,867 DEBUG (StartupInfoLogger.java:56)- Running with Spring Boot v2.7.4, Spring v5.3.23
2022-10-11 09:38:15,868 INFO (SpringApplication.java:634)- No active profile set, falling back to 1 default profile: "default"
2022-10-11 09:38:24,799 DEBUG (SpringContextHolder.java:49)- 清除SpringContextHolder中的ApplicationContext:org.springframework.boot.web.servlet.context.AnnotationConfigServletWebServerApplicationContext@5ddeb7cb, started on Tue Oct 11 09:38:15 CST 2022
2022-10-11 09:58:47,636 INFO (StartupInfoLogger.java:55)- Starting DemoApplication using Java 1.8.0_301 on WINDOWS-J3695KC with PID 23008 (D:\projects\usr\spring-boot-demo\target\classes started by EDZ in D:\projects\usr\spring-boot-demo)
2022-10-11 09:58:47,638 DEBUG (StartupInfoLogger.java:56)- Running with Spring Boot v2.7.4, Spring v5.3.23
2022-10-11 09:58:47,639 INFO (SpringApplication.java:634)- No active profile set, falling back to 1 default profile: "default"
2022-10-11 09:58:55,026 DEBUG (SpringContextHolder.java:49)- 清除SpringContextHolder中的ApplicationContext:org.springframework.boot.web.servlet.context.AnnotationConfigServletWebServerApplicationContext@59402b8f, started on Tue Oct 11 09:58:47 CST 2022
2022-10-11 10:00:07,965 INFO (StartupInfoLogger.java:55)- Starting DemoApplication using Java 1.8.0_301 on WINDOWS-J3695KC with PID 14744 (D:\projects\usr\spring-boot-demo\target\classes started by EDZ in D:\projects\usr\spring-boot-demo)
2022-10-11 10:00:07,968 DEBUG (StartupInfoLogger.java:56)- Running with Spring Boot v2.7.4, Spring v5.3.23
2022-10-11 10:00:07,968 INFO (SpringApplication.java:634)- No active profile set, falling back to 1 default profile: "default"
2022-10-11 10:00:12,655 INFO (StartupInfoLogger.java:61)- Started DemoApplication in 5.049 seconds (JVM running for 5.611)
2022-10-11 10:02:33,612 INFO (WebLogAspect.java:37)- =============== 请求开始 ===============
2022-10-11 10:02:33,613 INFO (WebLogAspect.java:38)- 请求地址 : http://localhost:8888/user/login;jsessionid=69618EFC183AB1D99667294EB5BD2578
2022-10-11 10:02:33,613 INFO (WebLogAspect.java:39)- HTTP METHOD : GET
2022-10-11 10:02:33,613 INFO (WebLogAspect.java:40)- IP : 0:0:0:0:0:0:0:1
2022-10-11 10:02:33,615 INFO (WebLogAspect.java:41)- CLASS_METHOD : com.spring.boot.demo.controller.UserController.login
2022-10-11 10:02:33,615 INFO (WebLogAspect.java:43)- 参数 : [null, null]
2022-10-11 10:02:33,621 INFO (WebLogAspect.java:51)- 返回值 : Result(code=2, msg=用户名或密码错误, data=org.apache.shiro.authc.AuthenticationException: Authentication failed for token submission [org.apache.shiro.authc.UsernamePasswordToken - null, rememberMe=false].  Possible unexpected error? (Typical or expected login exceptions should extend from AuthenticationException).)
2022-10-11 10:02:33,622 INFO (WebLogAspect.java:52)- =============== 请求结束 ===============
2022-10-11 10:02:33,622 INFO (WebLogAspect.java:60)- 耗时 : 10
2022-10-11 10:02:37,959 INFO (WebLogAspect.java:37)- =============== 请求开始 ===============
2022-10-11 10:02:37,959 INFO (WebLogAspect.java:38)- 请求地址 : http://localhost:8888/user/login
2022-10-11 10:02:37,959 INFO (WebLogAspect.java:39)- HTTP METHOD : GET
2022-10-11 10:02:37,960 INFO (WebLogAspect.java:40)- IP : 0:0:0:0:0:0:0:1
2022-10-11 10:02:37,960 INFO (WebLogAspect.java:41)- CLASS_METHOD : com.spring.boot.demo.controller.UserController.login
2022-10-11 10:02:37,960 INFO (WebLogAspect.java:43)- 参数 : [hello, world]
2022-10-11 10:02:37,963 INFO (UserController.java:43)- 用户：hello 认证结果：true
2022-10-11 10:02:37,964 INFO (WebLogAspect.java:51)- 返回值 : Result(code=0, msg=操作成功, data=null)
2022-10-11 10:02:37,965 INFO (WebLogAspect.java:52)- =============== 请求结束 ===============
2022-10-11 10:02:37,965 INFO (WebLogAspect.java:60)- 耗时 : 6
2022-10-11 10:02:40,683 INFO (WebLogAspect.java:37)- =============== 请求开始 ===============
2022-10-11 10:02:40,684 INFO (WebLogAspect.java:38)- 请求地址 : http://localhost:8888/demo/redis/set
2022-10-11 10:02:40,684 INFO (WebLogAspect.java:39)- HTTP METHOD : GET
2022-10-11 10:02:40,684 INFO (WebLogAspect.java:40)- IP : 0:0:0:0:0:0:0:1
2022-10-11 10:02:40,684 INFO (WebLogAspect.java:41)- CLASS_METHOD : com.spring.boot.demo.controller.DemoController.redisSet
2022-10-11 10:02:40,684 INFO (WebLogAspect.java:43)- 参数 : [hello, world]
2022-10-11 10:02:41,169 INFO (WebLogAspect.java:51)- 返回值 : Result(code=0, msg=操作成功, data=null)
2022-10-11 10:02:41,169 INFO (WebLogAspect.java:52)- =============== 请求结束 ===============
2022-10-11 10:02:41,170 INFO (WebLogAspect.java:60)- 耗时 : 487
2022-10-11 10:03:46,737 INFO (WebLogAspect.java:37)- =============== 请求开始 ===============
2022-10-11 10:03:46,738 INFO (WebLogAspect.java:38)- 请求地址 : http://localhost:8888/demo/redis/get
2022-10-11 10:03:46,738 INFO (WebLogAspect.java:39)- HTTP METHOD : GET
2022-10-11 10:03:46,738 INFO (WebLogAspect.java:40)- IP : 0:0:0:0:0:0:0:1
2022-10-11 10:03:46,738 INFO (WebLogAspect.java:41)- CLASS_METHOD : com.spring.boot.demo.controller.DemoController.redisGet
2022-10-11 10:03:46,738 INFO (WebLogAspect.java:43)- 参数 : [hello]
2022-10-11 10:03:46,767 INFO (WebLogAspect.java:51)- 返回值 : Result(code=0, msg=操作成功, data=world)
2022-10-11 10:03:46,767 INFO (WebLogAspect.java:52)- =============== 请求结束 ===============
2022-10-11 10:03:46,768 INFO (WebLogAspect.java:60)- 耗时 : 31
